<?xml version="1.0" encoding="UTF-8"?>
<coverage generated="1773491637351" clover="3.2.0">
  <project timestamp="1773491637351" name="All files">
    <metrics statements="214" coveredstatements="214" conditionals="156" coveredconditionals="145" methods="39" coveredmethods="39" elements="409" coveredelements="398" complexity="0" loc="214" ncloc="214" packages="3" files="8" classes="8"/>
    <package name="src">
      <metrics statements="38" coveredstatements="38" conditionals="32" coveredconditionals="32" methods="11" coveredmethods="11"/>
      <file name="detector.ts" path="/home/small/WebstormProjects/search-engine-scraper/src/detector.ts">
        <metrics statements="17" coveredstatements="17" conditionals="14" coveredconditionals="14" methods="2" coveredmethods="2"/>
        <line num="1" count="4" type="stmt"/>
        <line num="4" count="4" type="stmt"/>
        <line num="5" count="4" type="stmt"/>
        <line num="6" count="4" type="stmt"/>
        <line num="14" count="4" type="stmt"/>
        <line num="20" count="4" type="stmt"/>
        <line num="21" count="50" type="stmt"/>
        <line num="22" count="50" type="stmt"/>
        <line num="24" count="50" type="stmt"/>
        <line num="25" count="150" type="stmt"/>
        <line num="26" count="150" type="cond" truecount="10" falsecount="0"/>
        <line num="27" count="48" type="stmt"/>
        <line num="31" count="50" type="cond" truecount="4" falsecount="0"/>
        <line num="32" count="2" type="stmt"/>
        <line num="35" count="4" type="stmt"/>
        <line num="36" count="18" type="stmt"/>
        <line num="41" count="18" type="stmt"/>
      </file>
      <file name="index.ts" path="/home/small/WebstormProjects/search-engine-scraper/src/index.ts">
        <metrics statements="7" coveredstatements="7" conditionals="0" coveredconditionals="0" methods="8" coveredmethods="8"/>
        <line num="1" count="3" type="stmt"/>
        <line num="2" count="5" type="stmt"/>
        <line num="3" count="3" type="stmt"/>
        <line num="4" count="3" type="stmt"/>
        <line num="5" count="3" type="stmt"/>
        <line num="6" count="2" type="stmt"/>
        <line num="7" count="2" type="stmt"/>
      </file>
      <file name="scraper.ts" path="/home/small/WebstormProjects/search-engine-scraper/src/scraper.ts">
        <metrics statements="14" coveredstatements="14" conditionals="18" coveredconditionals="18" methods="1" coveredmethods="1"/>
        <line num="1" count="3" type="stmt"/>
        <line num="2" count="3" type="stmt"/>
        <line num="3" count="3" type="stmt"/>
        <line num="6" count="3" type="stmt"/>
        <line num="11" count="50" type="cond" truecount="4" falsecount="0"/>
        <line num="12" count="50" type="cond" truecount="8" falsecount="0"/>
        <line num="16" count="50" type="cond" truecount="2" falsecount="0"/>
        <line num="17" count="15" type="stmt"/>
        <line num="18" count="15" type="stmt"/>
        <line num="20" count="35" type="stmt"/>
        <line num="21" count="35" type="cond" truecount="2" falsecount="0"/>
        <line num="22" count="1" type="stmt"/>
        <line num="26" count="34" type="stmt"/>
        <line num="29" count="49" type="cond" truecount="2" falsecount="0"/>
      </file>
    </package>
    <package name="src.formatters">
      <metrics statements="44" coveredstatements="44" conditionals="22" coveredconditionals="20" methods="8" coveredmethods="8"/>
      <file name="json.ts" path="/home/small/WebstormProjects/search-engine-scraper/src/formatters/json.ts">
        <metrics statements="2" coveredstatements="2" conditionals="0" coveredconditionals="0" methods="1" coveredmethods="1"/>
        <line num="3" count="4" type="stmt"/>
        <line num="4" count="36" type="stmt"/>
      </file>
      <file name="markdown.ts" path="/home/small/WebstormProjects/search-engine-scraper/src/formatters/markdown.ts">
        <metrics statements="42" coveredstatements="42" conditionals="22" coveredconditionals="20" methods="7" coveredmethods="7"/>
        <line num="3" count="4" type="stmt"/>
        <line num="4" count="24" type="stmt"/>
        <line num="7" count="24" type="cond" truecount="2" falsecount="0"/>
        <line num="10" count="24" type="stmt"/>
        <line num="11" count="24" type="stmt"/>
        <line num="12" count="24" type="cond" truecount="2" falsecount="0"/>
        <line num="13" count="23" type="stmt"/>
        <line num="15" count="24" type="stmt"/>
        <line num="16" count="24" type="stmt"/>
        <line num="19" count="81" type="stmt"/>
        <line num="20" count="81" type="stmt"/>
        <line num="21" count="24" type="stmt"/>
        <line num="22" count="81" type="cond" truecount="2" falsecount="0"/>
        <line num="25" count="24" type="cond" truecount="2" falsecount="0"/>
        <line num="26" count="4" type="stmt"/>
        <line num="27" count="4" type="stmt"/>
        <line num="28" count="4" type="stmt"/>
        <line num="29" count="4" type="cond" truecount="1" falsecount="1"/>
        <line num="30" count="4" type="cond" truecount="2" falsecount="0"/>
        <line num="31" count="4" type="stmt"/>
        <line num="33" count="4" type="stmt"/>
        <line num="36" count="24" type="cond" truecount="2" falsecount="0"/>
        <line num="37" count="18" type="stmt"/>
        <line num="38" count="18" type="stmt"/>
        <line num="39" count="75" type="stmt"/>
        <line num="40" count="75" type="cond" truecount="2" falsecount="0"/>
        <line num="41" count="75" type="stmt"/>
        <line num="43" count="18" type="stmt"/>
        <line num="46" count="24" type="cond" truecount="2" falsecount="0"/>
        <line num="47" count="2" type="stmt"/>
        <line num="48" count="2" type="stmt"/>
        <line num="49" count="2" type="stmt"/>
        <line num="50" count="2" type="cond" truecount="1" falsecount="1"/>
        <line num="51" count="2" type="cond" truecount="2" falsecount="0"/>
        <line num="52" count="2" type="stmt"/>
        <line num="54" count="2" type="stmt"/>
        <line num="57" count="24" type="stmt"/>
        <line num="61" count="24" type="stmt"/>
        <line num="65" count="3" type="stmt"/>
        <line num="66" count="3" type="stmt"/>
        <line num="68" count="1" type="stmt"/>
        <line num="73" count="2" type="stmt"/>
      </file>
    </package>
    <package name="src.parsers">
      <metrics statements="132" coveredstatements="132" conditionals="102" coveredconditionals="93" methods="20" coveredmethods="20"/>
      <file name="bing.ts" path="/home/small/WebstormProjects/search-engine-scraper/src/parsers/bing.ts">
        <metrics statements="29" coveredstatements="29" conditionals="18" coveredconditionals="16" methods="5" coveredmethods="5"/>
        <line num="1" count="6" type="stmt"/>
        <line num="6" count="6" type="stmt"/>
        <line num="7" count="24" type="stmt"/>
        <line num="10" count="58" type="stmt"/>
        <line num="12" count="58" type="stmt"/>
        <line num="13" count="58" type="cond" truecount="2" falsecount="0"/>
        <line num="15" count="58" type="cond" truecount="2" falsecount="0"/>
        <line num="16" count="58" type="cond" truecount="2" falsecount="0"/>
        <line num="18" count="58" type="stmt"/>
        <line num="22" count="11" type="stmt"/>
        <line num="23" count="11" type="cond" truecount="2" falsecount="0"/>
        <line num="25" count="2" type="stmt"/>
        <line num="26" count="2" type="stmt"/>
        <line num="27" count="2" type="cond" truecount="2" falsecount="0"/>
        <line num="29" count="1" type="stmt"/>
        <line num="33" count="8" type="stmt"/>
        <line num="34" count="8" type="stmt"/>
        <line num="35" count="8" type="stmt"/>
        <line num="36" count="8" type="stmt"/>
        <line num="37" count="8" type="stmt"/>
        <line num="39" count="8" type="stmt"/>
        <line num="40" count="48" type="stmt"/>
        <line num="41" count="48" type="stmt"/>
        <line num="42" count="48" type="stmt"/>
        <line num="43" count="48" type="cond" truecount="1" falsecount="1"/>
        <line num="44" count="48" type="cond" truecount="2" falsecount="0"/>
        <line num="46" count="48" type="cond" truecount="3" falsecount="1"/>
        <line num="47" count="48" type="stmt"/>
        <line num="58" count="8" type="stmt"/>
      </file>
      <file name="duckduckgo.ts" path="/home/small/WebstormProjects/search-engine-scraper/src/parsers/duckduckgo.ts">
        <metrics statements="34" coveredstatements="34" conditionals="26" coveredconditionals="22" methods="5" coveredmethods="5"/>
        <line num="1" count="6" type="stmt"/>
        <line num="6" count="6" type="stmt"/>
        <line num="7" count="24" type="stmt"/>
        <line num="10" count="58" type="stmt"/>
        <line num="12" count="58" type="stmt"/>
        <line num="13" count="58" type="cond" truecount="4" falsecount="0"/>
        <line num="15" count="58" type="stmt"/>
        <line num="16" count="58" type="cond" truecount="4" falsecount="0"/>
        <line num="18" count="58" type="cond" truecount="2" falsecount="0"/>
        <line num="19" count="58" type="cond" truecount="2" falsecount="0"/>
        <line num="21" count="58" type="stmt"/>
        <line num="25" count="12" type="stmt"/>
        <line num="26" count="12" type="cond" truecount="2" falsecount="0"/>
        <line num="28" count="3" type="stmt"/>
        <line num="29" count="3" type="cond" truecount="2" falsecount="0"/>
        <line num="30" count="2" type="stmt"/>
        <line num="31" count="2" type="stmt"/>
        <line num="32" count="1" type="stmt"/>
        <line num="33" count="1" type="cond" truecount="1" falsecount="1"/>
        <line num="39" count="2" type="stmt"/>
        <line num="43" count="8" type="stmt"/>
        <line num="44" count="8" type="stmt"/>
        <line num="45" count="8" type="stmt"/>
        <line num="46" count="8" type="stmt"/>
        <line num="47" count="8" type="stmt"/>
        <line num="49" count="8" type="stmt"/>
        <line num="50" count="28" type="stmt"/>
        <line num="51" count="28" type="stmt"/>
        <line num="52" count="28" type="stmt"/>
        <line num="53" count="28" type="cond" truecount="1" falsecount="1"/>
        <line num="55" count="28" type="cond" truecount="1" falsecount="1"/>
        <line num="57" count="28" type="cond" truecount="3" falsecount="1"/>
        <line num="58" count="28" type="stmt"/>
        <line num="69" count="8" type="stmt"/>
      </file>
      <file name="google.ts" path="/home/small/WebstormProjects/search-engine-scraper/src/parsers/google.ts">
        <metrics statements="69" coveredstatements="69" conditionals="58" coveredconditionals="55" methods="10" coveredmethods="10"/>
        <line num="1" count="6" type="stmt"/>
        <line num="7" count="6" type="stmt"/>
        <line num="8" count="25" type="stmt"/>
        <line num="11" count="103" type="stmt"/>
        <line num="14" count="103" type="stmt"/>
        <line num="15" count="103" type="cond" truecount="2" falsecount="0"/>
        <line num="18" count="103" type="cond" truecount="2" falsecount="0"/>
        <line num="21" count="103" type="stmt"/>
        <line num="22" count="103" type="cond" truecount="2" falsecount="0"/>
        <line num="25" count="103" type="cond" truecount="2" falsecount="0"/>
        <line num="28" count="103" type="cond" truecount="2" falsecount="0"/>
        <line num="29" count="103" type="cond" truecount="4" falsecount="0"/>
        <line num="31" count="103" type="stmt"/>
        <line num="36" count="56" type="stmt"/>
        <line num="37" count="56" type="cond" truecount="2" falsecount="0"/>
        <line num="40" count="20" type="stmt"/>
        <line num="41" count="20" type="stmt"/>
        <line num="42" count="20" type="cond" truecount="2" falsecount="0"/>
        <line num="44" count="9" type="stmt"/>
        <line num="48" count="53" type="stmt"/>
        <line num="49" count="53" type="stmt"/>
        <line num="50" count="53" type="stmt"/>
        <line num="51" count="53" type="stmt"/>
        <line num="52" count="53" type="stmt"/>
        <line num="55" count="53" type="stmt"/>
        <line num="56" count="53" type="cond" truecount="2" falsecount="0"/>
        <line num="60" count="3" type="stmt"/>
        <line num="72" count="50" type="stmt"/>
        <line num="75" count="50" type="stmt"/>
        <line num="76" count="50" type="cond" truecount="2" falsecount="0"/>
        <line num="77" count="25" type="stmt"/>
        <line num="78" count="575" type="stmt"/>
        <line num="79" count="575" type="cond" truecount="2" falsecount="0"/>
        <line num="80" count="180" type="stmt"/>
        <line num="81" count="180" type="stmt"/>
        <line num="86" count="25" type="stmt"/>
        <line num="87" count="41" type="stmt"/>
        <line num="88" count="41" type="cond" truecount="2" falsecount="0"/>
        <line num="89" count="40" type="stmt"/>
        <line num="90" count="40" type="stmt"/>
        <line num="95" count="50" type="stmt"/>
        <line num="107" count="50" type="stmt"/>
        <line num="108" count="9" type="stmt"/>
        <line num="109" count="9" type="stmt"/>
        <line num="110" count="9" type="cond" truecount="1" falsecount="1"/>
        <line num="111" count="9" type="cond" truecount="2" falsecount="0"/>
        <line num="113" count="9" type="cond" truecount="4" falsecount="0"/>
        <line num="114" count="4" type="stmt"/>
        <line num="127" count="575" type="stmt"/>
        <line num="130" count="575" type="stmt"/>
        <line num="131" count="575" type="cond" truecount="2" falsecount="0"/>
        <line num="135" count="575" type="cond" truecount="2" falsecount="0"/>
        <line num="138" count="205" type="stmt"/>
        <line num="139" count="205" type="cond" truecount="2" falsecount="0"/>
        <line num="140" count="205" type="cond" truecount="2" falsecount="0"/>
        <line num="143" count="180" type="stmt"/>
        <line num="144" count="180" type="stmt"/>
        <line num="154" count="180" type="stmt"/>
        <line num="155" count="195" type="stmt"/>
        <line num="156" count="195" type="cond" truecount="2" falsecount="0"/>
        <line num="157" count="180" type="cond" truecount="1" falsecount="1"/>
        <line num="158" count="180" type="cond" truecount="1" falsecount="1"/>
        <line num="162" count="180" type="stmt"/>
        <line num="173" count="41" type="stmt"/>
        <line num="174" count="41" type="stmt"/>
        <line num="175" count="41" type="cond" truecount="2" falsecount="0"/>
        <line num="176" count="41" type="cond" truecount="2" falsecount="0"/>
        <line num="178" count="41" type="cond" truecount="4" falsecount="0"/>
        <line num="180" count="40" type="stmt"/>
      </file>
    </package>
  </project>
</coverage>
