{"/home/small/WebstormProjects/search-engine-scraper/src/detector.ts": {"path":"/home/small/WebstormProjects/search-engine-scraper/src/detector.ts","statementMap":{"0":{"start":{"line":20,"column":0},"end":{"line":20,"column":16}},"1":{"start":{"line":35,"column":0},"end":{"line":35,"column":16}},"2":{"start":{"line":1,"column":0},"end":{"line":1,"column":35}},"3":{"start":{"line":4,"column":0},"end":{"line":4,"column":48}},"4":{"start":{"line":5,"column":0},"end":{"line":5,"column":44}},"5":{"start":{"line":6,"column":0},"end":{"line":6,"column":56}},"6":{"start":{"line":14,"column":30},"end":{"line":18,"column":2}},"7":{"start":{"line":21,"column":12},"end":{"line":21,"column":30}},"8":{"start":{"line":22,"column":37},"end":{"line":22,"column":41}},"9":{"start":{"line":24,"column":2},"end":{"line":29,"column":3}},"10":{"start":{"line":25,"column":23},"end":{"line":25,"column":41}},"11":{"start":{"line":26,"column":4},"end":{"line":28,"column":5}},"12":{"start":{"line":27,"column":6},"end":{"line":27,"column":63}},"13":{"start":{"line":31,"column":2},"end":{"line":31,"column":50}},"14":{"start":{"line":31,"column":38},"end":{"line":31,"column":50}},"15":{"start":{"line":32,"column":2},"end":{"line":32,"column":14}},"16":{"start":{"line":36,"column":46},"end":{"line":40,"column":4}},"17":{"start":{"line":41,"column":2},"end":{"line":41,"column":21}}},"fnMap":{"0":{"name":"detect","decl":{"start":{"line":20,"column":16},"end":{"line":20,"column":22}},"loc":{"start":{"line":20,"column":35},"end":{"line":33,"column":1}}},"1":{"name":"getParserForEngine","decl":{"start":{"line":35,"column":16},"end":{"line":35,"column":34}},"loc":{"start":{"line":35,"column":53},"end":{"line":42,"column":1}}}},"branchMap":{"0":{"loc":{"start":{"line":26,"column":4},"end":{"line":28,"column":5}},"type":"if","locations":[{"start":{"line":26,"column":4},"end":{"line":28,"column":5}},{"start":{},"end":{}}]},"1":{"loc":{"start":{"line":26,"column":22},"end":{"line":26,"column":43}},"type":"cond-expr","locations":[{"start":{"line":26,"column":38},"end":{"line":26,"column":42}},{"start":{"line":26,"column":42},"end":{"line":26,"column":43}}]},"2":{"loc":{"start":{"line":26,"column":22},"end":{"line":26,"column":42}},"type":"binary-expr","locations":[{"start":{"line":26,"column":22},"end":{"line":26,"column":42}},{"start":{"line":26,"column":38},"end":{"line":26,"column":42}}]},"3":{"loc":{"start":{"line":26,"column":22},"end":{"line":26,"column":38}},"type":"cond-expr","locations":[{"start":{"line":26,"column":26},"end":{"line":26,"column":28}},{"start":{"line":26,"column":22},"end":{"line":26,"column":38}}]},"4":{"loc":{"start":{"line":26,"column":22},"end":{"line":26,"column":28}},"type":"binary-expr","locations":[{"start":{"line":26,"column":22},"end":{"line":26,"column":28}},{"start":{"line":26,"column":22},"end":{"line":26,"column":28}}]},"5":{"loc":{"start":{"line":31,"column":2},"end":{"line":31,"column":50}},"type":"if","locations":[{"start":{"line":31,"column":2},"end":{"line":31,"column":50}},{"start":{},"end":{}}]},"6":{"loc":{"start":{"line":31,"column":6},"end":{"line":31,"column":36}},"type":"binary-expr","locations":[{"start":{"line":31,"column":6},"end":{"line":31,"column":10}},{"start":{"line":31,"column":14},"end":{"line":31,"column":36}}]}},"s":{"0":4,"1":4,"2":4,"3":4,"4":4,"5":4,"6":4,"7":50,"8":50,"9":50,"10":150,"11":150,"12":48,"13":50,"14":48,"15":2,"16":18,"17":18},"f":{"0":50,"1":18},"b":{"0":[48,102],"1":[78,72],"2":[150,150],"3":[72,78],"4":[150,78],"5":[48,2],"6":[50,48]}}
,"/home/small/WebstormProjects/search-engine-scraper/src/index.ts": {"path":"/home/small/WebstormProjects/search-engine-scraper/src/index.ts","statementMap":{"0":{"start":{"line":1,"column":0},"end":{"line":1,"column":9}},"1":{"start":{"line":1,"column":9},"end":{"line":1,"column":48}},"2":{"start":{"line":2,"column":0},"end":{"line":2,"column":9}},"3":{"start":{"line":2,"column":9},"end":{"line":2,"column":17}},"4":{"start":{"line":2,"column":17},"end":{"line":2,"column":56}},"5":{"start":{"line":3,"column":0},"end":{"line":3,"column":9}},"6":{"start":{"line":3,"column":9},"end":{"line":3,"column":48}},"7":{"start":{"line":4,"column":0},"end":{"line":4,"column":9}},"8":{"start":{"line":4,"column":9},"end":{"line":4,"column":44}},"9":{"start":{"line":5,"column":0},"end":{"line":5,"column":9}},"10":{"start":{"line":5,"column":9},"end":{"line":5,"column":56}},"11":{"start":{"line":6,"column":0},"end":{"line":6,"column":9}},"12":{"start":{"line":6,"column":9},"end":{"line":6,"column":47}},"13":{"start":{"line":7,"column":0},"end":{"line":7,"column":9}},"14":{"start":{"line":7,"column":9},"end":{"line":7,"column":55}}},"fnMap":{"0":{"name":"(anonymous_0)","decl":{"start":{"line":1,"column":9},"end":{"line":1,"column":28}},"loc":{"start":{"line":1,"column":9},"end":{"line":1,"column":48}}},"1":{"name":"(anonymous_1)","decl":{"start":{"line":2,"column":9},"end":{"line":2,"column":15}},"loc":{"start":{"line":2,"column":9},"end":{"line":2,"column":17}}},"2":{"name":"(anonymous_2)","decl":{"start":{"line":2,"column":17},"end":{"line":2,"column":35}},"loc":{"start":{"line":2,"column":17},"end":{"line":2,"column":56}}},"3":{"name":"(anonymous_3)","decl":{"start":{"line":3,"column":9},"end":{"line":3,"column":21}},"loc":{"start":{"line":3,"column":9},"end":{"line":3,"column":48}}},"4":{"name":"(anonymous_4)","decl":{"start":{"line":4,"column":9},"end":{"line":4,"column":19}},"loc":{"start":{"line":4,"column":9},"end":{"line":4,"column":44}}},"5":{"name":"(anonymous_5)","decl":{"start":{"line":5,"column":9},"end":{"line":5,"column":25}},"loc":{"start":{"line":5,"column":9},"end":{"line":5,"column":56}}},"6":{"name":"(anonymous_6)","decl":{"start":{"line":6,"column":9},"end":{"line":6,"column":19}},"loc":{"start":{"line":6,"column":9},"end":{"line":6,"column":47}}},"7":{"name":"(anonymous_7)","decl":{"start":{"line":7,"column":9},"end":{"line":7,"column":23}},"loc":{"start":{"line":7,"column":9},"end":{"line":7,"column":55}}}},"branchMap":{},"s":{"0":1,"1":3,"2":1,"3":2,"4":5,"5":1,"6":3,"7":1,"8":3,"9":1,"10":3,"11":1,"12":2,"13":1,"14":2},"f":{"0":2,"1":1,"2":4,"3":2,"4":2,"5":2,"6":1,"7":1},"b":{}}
,"/home/small/WebstormProjects/search-engine-scraper/src/scraper.ts": {"path":"/home/small/WebstormProjects/search-engine-scraper/src/scraper.ts","statementMap":{"0":{"start":{"line":1,"column":0},"end":{"line":1,"column":56}},"1":{"start":{"line":2,"column":0},"end":{"line":2,"column":47}},"2":{"start":{"line":3,"column":0},"end":{"line":3,"column":55}},"3":{"start":{"line":11,"column":19},"end":{"line":11,"column":34}},"4":{"start":{"line":12,"column":19},"end":{"line":12,"column":50}},"5":{"start":{"line":16,"column":4},"end":{"line":27,"column":5}},"6":{"start":{"line":17,"column":21},"end":{"line":17,"column":47}},"7":{"start":{"line":18,"column":6},"end":{"line":18,"column":35}},"8":{"start":{"line":20,"column":24},"end":{"line":20,"column":36}},"9":{"start":{"line":21,"column":6},"end":{"line":25,"column":7}},"10":{"start":{"line":22,"column":8},"end":{"line":24,"column":10}},"11":{"start":{"line":26,"column":6},"end":{"line":26,"column":45}},"12":{"start":{"line":29,"column":4},"end":{"line":29,"column":81}},"13":{"start":{"line":6,"column":0},"end":{"line":6,"column":13}}},"fnMap":{"0":{"name":"(anonymous_0)","decl":{"start":{"line":7,"column":2},"end":{"line":7,"column":7}},"loc":{"start":{"line":9,"column":66},"end":{"line":30,"column":3}}}},"branchMap":{"0":{"loc":{"start":{"line":11,"column":19},"end":{"line":11,"column":34}},"type":"cond-expr","locations":[{"start":{"line":11,"column":26},"end":{"line":11,"column":28}},{"start":{"line":11,"column":19},"end":{"line":11,"column":34}}]},"1":{"loc":{"start":{"line":11,"column":19},"end":{"line":11,"column":28}},"type":"binary-expr","locations":[{"start":{"line":11,"column":19},"end":{"line":11,"column":28}},{"start":{"line":11,"column":19},"end":{"line":11,"column":28}}]},"2":{"loc":{"start":{"line":12,"column":19},"end":{"line":12,"column":50}},"type":"cond-expr","locations":[{"start":{"line":12,"column":40},"end":{"line":12,"column":44}},{"start":{"line":12,"column":44},"end":{"line":12,"column":50}}]},"3":{"loc":{"start":{"line":12,"column":19},"end":{"line":12,"column":44}},"type":"binary-expr","locations":[{"start":{"line":12,"column":19},"end":{"line":12,"column":44}},{"start":{"line":12,"column":40},"end":{"line":12,"column":44}}]},"4":{"loc":{"start":{"line":12,"column":19},"end":{"line":12,"column":40}},"type":"cond-expr","locations":[{"start":{"line":12,"column":26},"end":{"line":12,"column":28}},{"start":{"line":12,"column":19},"end":{"line":12,"column":40}}]},"5":{"loc":{"start":{"line":12,"column":19},"end":{"line":12,"column":28}},"type":"binary-expr","locations":[{"start":{"line":12,"column":19},"end":{"line":12,"column":28}},{"start":{"line":12,"column":19},"end":{"line":12,"column":28}}]},"6":{"loc":{"start":{"line":16,"column":4},"end":{"line":27,"column":5}},"type":"if","locations":[{"start":{"line":16,"column":4},"end":{"line":27,"column":5}},{"start":{"line":19,"column":11},"end":{"line":27,"column":5}}]},"7":{"loc":{"start":{"line":21,"column":6},"end":{"line":25,"column":7}},"type":"if","locations":[{"start":{"line":21,"column":6},"end":{"line":25,"column":7}},{"start":{},"end":{}}]},"8":{"loc":{"start":{"line":29,"column":11},"end":{"line":29,"column":80}},"type":"cond-expr","locations":[{"start":{"line":29,"column":35},"end":{"line":29,"column":58}},{"start":{"line":29,"column":61},"end":{"line":29,"column":80}}]}},"s":{"0":3,"1":3,"2":3,"3":50,"4":50,"5":50,"6":15,"7":15,"8":35,"9":35,"10":1,"11":34,"12":49,"13":3},"f":{"0":50},"b":{"0":[21,29],"1":[50,50],"2":[14,36],"3":[50,50],"4":[21,29],"5":[50,50],"6":[15,35],"7":[1,34],"8":[14,35]}}
,"/home/small/WebstormProjects/search-engine-scraper/src/formatters/json.ts": {"path":"/home/small/WebstormProjects/search-engine-scraper/src/formatters/json.ts","statementMap":{"0":{"start":{"line":3,"column":0},"end":{"line":3,"column":16}},"1":{"start":{"line":4,"column":2},"end":{"line":4,"column":33}}},"fnMap":{"0":{"name":"formatJSON","decl":{"start":{"line":3,"column":16},"end":{"line":3,"column":26}},"loc":{"start":{"line":3,"column":49},"end":{"line":5,"column":1}}}},"branchMap":{},"s":{"0":4,"1":36},"f":{"0":36},"b":{}}
,"/home/small/WebstormProjects/search-engine-scraper/src/formatters/markdown.ts": {"path":"/home/small/WebstormProjects/search-engine-scraper/src/formatters/markdown.ts","statementMap":{"0":{"start":{"line":3,"column":0},"end":{"line":3,"column":16}},"1":{"start":{"line":4,"column":26},"end":{"line":4,"column":28}},"2":{"start":{"line":7,"column":18},"end":{"line":9,"column":24}},"3":{"start":{"line":10,"column":2},"end":{"line":10,"column":26}},"4":{"start":{"line":11,"column":2},"end":{"line":11,"column":69}},"5":{"start":{"line":12,"column":2},"end":{"line":14,"column":3}},"6":{"start":{"line":13,"column":4},"end":{"line":13,"column":59}},"7":{"start":{"line":15,"column":2},"end":{"line":15,"column":50}},"8":{"start":{"line":16,"column":2},"end":{"line":16,"column":24}},"9":{"start":{"line":19,"column":19},"end":{"line":19,"column":81}},"10":{"start":{"line":19,"column":44},"end":{"line":19,"column":80}},"11":{"start":{"line":20,"column":18},"end":{"line":20,"column":71}},"12":{"start":{"line":20,"column":43},"end":{"line":20,"column":70}},"13":{"start":{"line":21,"column":17},"end":{"line":22,"column":null}},"14":{"start":{"line":22,"column":9},"end":{"line":22,"column":76}},"15":{"start":{"line":25,"column":2},"end":{"line":34,"column":3}},"16":{"start":{"line":26,"column":4},"end":{"line":26,"column":42}},"17":{"start":{"line":27,"column":4},"end":{"line":32,"column":5}},"18":{"start":{"line":28,"column":6},"end":{"line":28,"column":35}},"19":{"start":{"line":29,"column":6},"end":{"line":29,"column":51}},"20":{"start":{"line":29,"column":25},"end":{"line":29,"column":51}},"21":{"start":{"line":30,"column":6},"end":{"line":30,"column":78}},"22":{"start":{"line":30,"column":17},"end":{"line":30,"column":78}},"23":{"start":{"line":31,"column":6},"end":{"line":31,"column":21}},"24":{"start":{"line":33,"column":4},"end":{"line":33,"column":26}},"25":{"start":{"line":36,"column":2},"end":{"line":44,"column":3}},"26":{"start":{"line":37,"column":4},"end":{"line":37,"column":41}},"27":{"start":{"line":38,"column":4},"end":{"line":42,"column":5}},"28":{"start":{"line":39,"column":6},"end":{"line":39,"column":50}},"29":{"start":{"line":40,"column":6},"end":{"line":40,"column":51}},"30":{"start":{"line":40,"column":25},"end":{"line":40,"column":51}},"31":{"start":{"line":41,"column":6},"end":{"line":41,"column":46}},"32":{"start":{"line":43,"column":4},"end":{"line":43,"column":26}},"33":{"start":{"line":46,"column":2},"end":{"line":55,"column":3}},"34":{"start":{"line":47,"column":4},"end":{"line":47,"column":39}},"35":{"start":{"line":48,"column":4},"end":{"line":53,"column":5}},"36":{"start":{"line":49,"column":6},"end":{"line":49,"column":68}},"37":{"start":{"line":50,"column":6},"end":{"line":50,"column":51}},"38":{"start":{"line":50,"column":25},"end":{"line":50,"column":51}},"39":{"start":{"line":51,"column":6},"end":{"line":51,"column":53}},"40":{"start":{"line":51,"column":17},"end":{"line":51,"column":53}},"41":{"start":{"line":52,"column":6},"end":{"line":52,"column":21}},"42":{"start":{"line":54,"column":4},"end":{"line":54,"column":26}},"43":{"start":{"line":57,"column":2},"end":{"line":57,"column":43}},"44":{"start":{"line":61,"column":2},"end":{"line":61,"column":48}},"45":{"start":{"line":65,"column":2},"end":{"line":69,"column":3}},"46":{"start":{"line":66,"column":4},"end":{"line":66,"column":33}},"47":{"start":{"line":68,"column":4},"end":{"line":68,"column":15}},"48":{"start":{"line":73,"column":2},"end":{"line":73,"column":33}}},"fnMap":{"0":{"name":"formatMarkdown","decl":{"start":{"line":3,"column":16},"end":{"line":3,"column":30}},"loc":{"start":{"line":3,"column":50},"end":{"line":58,"column":1}}},"1":{"name":"(anonymous_1)","decl":{"start":{"line":19,"column":39},"end":{"line":19,"column":40}},"loc":{"start":{"line":19,"column":44},"end":{"line":19,"column":80}}},"2":{"name":"(anonymous_2)","decl":{"start":{"line":20,"column":38},"end":{"line":20,"column":39}},"loc":{"start":{"line":20,"column":43},"end":{"line":20,"column":70}}},"3":{"name":"(anonymous_3)","decl":{"start":{"line":22,"column":4},"end":{"line":22,"column":5}},"loc":{"start":{"line":22,"column":9},"end":{"line":22,"column":76}}},"4":{"name":"capitalize","decl":{"start":{"line":60,"column":9},"end":{"line":60,"column":19}},"loc":{"start":{"line":60,"column":29},"end":{"line":62,"column":1}}},"5":{"name":"domainOf","decl":{"start":{"line":64,"column":9},"end":{"line":64,"column":17}},"loc":{"start":{"line":64,"column":29},"end":{"line":70,"column":1}}},"6":{"name":"formatType","decl":{"start":{"line":72,"column":9},"end":{"line":72,"column":19}},"loc":{"start":{"line":72,"column":32},"end":{"line":74,"column":1}}}},"branchMap":{"0":{"loc":{"start":{"line":7,"column":18},"end":{"line":9,"column":24}},"type":"cond-expr","locations":[{"start":{"line":8,"column":6},"end":{"line":8,"column":39}},{"start":{"line":9,"column":6},"end":{"line":9,"column":24}}]},"1":{"loc":{"start":{"line":12,"column":2},"end":{"line":14,"column":3}},"type":"if","locations":[{"start":{"line":12,"column":2},"end":{"line":14,"column":3}},{"start":{},"end":{}}]},"2":{"loc":{"start":{"line":22,"column":9},"end":{"line":22,"column":76}},"type":"binary-expr","locations":[{"start":{"line":22,"column":9},"end":{"line":22,"column":36}},{"start":{"line":22,"column":40},"end":{"line":22,"column":76}}]},"3":{"loc":{"start":{"line":25,"column":2},"end":{"line":34,"column":3}},"type":"if","locations":[{"start":{"line":25,"column":2},"end":{"line":34,"column":3}},{"start":{},"end":{}}]},"4":{"loc":{"start":{"line":29,"column":6},"end":{"line":29,"column":51}},"type":"if","locations":[{"start":{"line":29,"column":6},"end":{"line":29,"column":51}},{"start":{},"end":{}}]},"5":{"loc":{"start":{"line":30,"column":6},"end":{"line":30,"column":78}},"type":"if","locations":[{"start":{"line":30,"column":6},"end":{"line":30,"column":78}},{"start":{},"end":{}}]},"6":{"loc":{"start":{"line":36,"column":2},"end":{"line":44,"column":3}},"type":"if","locations":[{"start":{"line":36,"column":2},"end":{"line":44,"column":3}},{"start":{},"end":{}}]},"7":{"loc":{"start":{"line":40,"column":6},"end":{"line":40,"column":51}},"type":"if","locations":[{"start":{"line":40,"column":6},"end":{"line":40,"column":51}},{"start":{},"end":{}}]},"8":{"loc":{"start":{"line":46,"column":2},"end":{"line":55,"column":3}},"type":"if","locations":[{"start":{"line":46,"column":2},"end":{"line":55,"column":3}},{"start":{},"end":{}}]},"9":{"loc":{"start":{"line":50,"column":6},"end":{"line":50,"column":51}},"type":"if","locations":[{"start":{"line":50,"column":6},"end":{"line":50,"column":51}},{"start":{},"end":{}}]},"10":{"loc":{"start":{"line":51,"column":6},"end":{"line":51,"column":53}},"type":"if","locations":[{"start":{"line":51,"column":6},"end":{"line":51,"column":53}},{"start":{},"end":{}}]}},"s":{"0":4,"1":24,"2":24,"3":24,"4":24,"5":24,"6":23,"7":24,"8":24,"9":24,"10":81,"11":24,"12":81,"13":24,"14":81,"15":24,"16":4,"17":4,"18":4,"19":4,"20":4,"21":4,"22":3,"23":4,"24":4,"25":24,"26":18,"27":18,"28":75,"29":75,"30":66,"31":75,"32":18,"33":24,"34":2,"35":2,"36":2,"37":2,"38":2,"39":2,"40":1,"41":2,"42":2,"43":24,"44":24,"45":3,"46":3,"47":1,"48":2},"f":{"0":24,"1":81,"2":81,"3":81,"4":24,"5":3,"6":2},"b":{"0":[23,1],"1":[23,1],"2":[81,6],"3":[4,20],"4":[4,0],"5":[3,1],"6":[18,6],"7":[66,9],"8":[2,22],"9":[2,0],"10":[1,1]}}
,"/home/small/WebstormProjects/search-engine-scraper/src/parsers/bing.ts": {"path":"/home/small/WebstormProjects/search-engine-scraper/src/parsers/bing.ts","statementMap":{"0":{"start":{"line":1,"column":0},"end":{"line":1,"column":35}},"1":{"start":{"line":7,"column":11},"end":{"line":7,"column":43}},"2":{"start":{"line":10,"column":21},"end":{"line":10,"column":22}},"3":{"start":{"line":12,"column":18},"end":{"line":12,"column":66}},"4":{"start":{"line":13,"column":4},"end":{"line":13,"column":44}},"5":{"start":{"line":13,"column":26},"end":{"line":13,"column":44}},"6":{"start":{"line":15,"column":4},"end":{"line":15,"column":54}},"7":{"start":{"line":15,"column":36},"end":{"line":15,"column":54}},"8":{"start":{"line":16,"column":4},"end":{"line":16,"column":53}},"9":{"start":{"line":16,"column":35},"end":{"line":16,"column":53}},"10":{"start":{"line":18,"column":4},"end":{"line":18,"column":35}},"11":{"start":{"line":22,"column":14},"end":{"line":22,"column":48}},"12":{"start":{"line":23,"column":4},"end":{"line":23,"column":20}},"13":{"start":{"line":23,"column":11},"end":{"line":23,"column":20}},"14":{"start":{"line":25,"column":18},"end":{"line":25,"column":35}},"15":{"start":{"line":26,"column":18},"end":{"line":26,"column":53}},"16":{"start":{"line":27,"column":4},"end":{"line":27,"column":38}},"17":{"start":{"line":27,"column":15},"end":{"line":27,"column":38}},"18":{"start":{"line":29,"column":4},"end":{"line":29,"column":16}},"19":{"start":{"line":33,"column":14},"end":{"line":33,"column":32}},"20":{"start":{"line":34,"column":23},"end":{"line":34,"column":39}},"21":{"start":{"line":35,"column":18},"end":{"line":35,"column":38}},"22":{"start":{"line":36,"column":36},"end":{"line":36,"column":38}},"23":{"start":{"line":37,"column":19},"end":{"line":37,"column":20}},"24":{"start":{"line":39,"column":4},"end":{"line":56,"column":7}},"25":{"start":{"line":40,"column":18},"end":{"line":40,"column":23}},"26":{"start":{"line":41,"column":21},"end":{"line":41,"column":47}},"27":{"start":{"line":42,"column":20},"end":{"line":42,"column":40}},"28":{"start":{"line":43,"column":18},"end":{"line":43,"column":43}},"29":{"start":{"line":44,"column":26},"end":{"line":44,"column":75}},"30":{"start":{"line":46,"column":6},"end":{"line":55,"column":7}},"31":{"start":{"line":47,"column":8},"end":{"line":54,"column":11}},"32":{"start":{"line":58,"column":4},"end":{"line":66,"column":6}},"33":{"start":{"line":6,"column":0},"end":{"line":6,"column":13}}},"fnMap":{"0":{"name":"(anonymous_9)","decl":{"start":{"line":6,"column":0},"end":{"line":6,"column":13}},"loc":{"start":{"line":6,"column":0},"end":{"line":68,"column":1}}},"1":{"name":"(anonymous_10)","decl":{"start":{"line":9,"column":2},"end":{"line":9,"column":10}},"loc":{"start":{"line":9,"column":24},"end":{"line":19,"column":3}}},"2":{"name":"(anonymous_11)","decl":{"start":{"line":21,"column":2},"end":{"line":21,"column":14}},"loc":{"start":{"line":21,"column":28},"end":{"line":30,"column":3}}},"3":{"name":"(anonymous_12)","decl":{"start":{"line":32,"column":2},"end":{"line":32,"column":7}},"loc":{"start":{"line":32,"column":20},"end":{"line":67,"column":3}}},"4":{"name":"(anonymous_13)","decl":{"start":{"line":39,"column":24},"end":{"line":39,"column":25}},"loc":{"start":{"line":39,"column":34},"end":{"line":56,"column":5}}}},"branchMap":{"0":{"loc":{"start":{"line":13,"column":4},"end":{"line":13,"column":44}},"type":"if","locations":[{"start":{"line":13,"column":4},"end":{"line":13,"column":44}},{"start":{},"end":{}}]},"1":{"loc":{"start":{"line":15,"column":4},"end":{"line":15,"column":54}},"type":"if","locations":[{"start":{"line":15,"column":4},"end":{"line":15,"column":54}},{"start":{},"end":{}}]},"2":{"loc":{"start":{"line":16,"column":4},"end":{"line":16,"column":53}},"type":"if","locations":[{"start":{"line":16,"column":4},"end":{"line":16,"column":53}},{"start":{},"end":{}}]},"3":{"loc":{"start":{"line":23,"column":4},"end":{"line":23,"column":20}},"type":"if","locations":[{"start":{"line":23,"column":4},"end":{"line":23,"column":20}},{"start":{},"end":{}}]},"4":{"loc":{"start":{"line":27,"column":4},"end":{"line":27,"column":38}},"type":"if","locations":[{"start":{"line":27,"column":4},"end":{"line":27,"column":38}},{"start":{},"end":{}}]},"5":{"loc":{"start":{"line":43,"column":18},"end":{"line":43,"column":43}},"type":"binary-expr","locations":[{"start":{"line":43,"column":18},"end":{"line":43,"column":37}},{"start":{"line":43,"column":41},"end":{"line":43,"column":43}}]},"6":{"loc":{"start":{"line":44,"column":26},"end":{"line":44,"column":75}},"type":"binary-expr","locations":[{"start":{"line":44,"column":26},"end":{"line":44,"column":67}},{"start":{"line":44,"column":71},"end":{"line":44,"column":75}}]},"7":{"loc":{"start":{"line":46,"column":6},"end":{"line":55,"column":7}},"type":"if","locations":[{"start":{"line":46,"column":6},"end":{"line":55,"column":7}},{"start":{},"end":{}}]},"8":{"loc":{"start":{"line":46,"column":10},"end":{"line":46,"column":22}},"type":"binary-expr","locations":[{"start":{"line":46,"column":10},"end":{"line":46,"column":15}},{"start":{"line":46,"column":19},"end":{"line":46,"column":22}}]}},"s":{"0":6,"1":24,"2":58,"3":58,"4":58,"5":7,"6":58,"7":14,"8":58,"9":14,"10":58,"11":11,"12":11,"13":9,"14":2,"15":2,"16":2,"17":1,"18":1,"19":8,"20":8,"21":8,"22":8,"23":8,"24":8,"25":48,"26":48,"27":48,"28":48,"29":48,"30":48,"31":48,"32":8,"33":6},"f":{"0":24,"1":58,"2":11,"3":8,"4":48},"b":{"0":[7,51],"1":[14,44],"2":[14,44],"3":[9,2],"4":[1,1],"5":[48,0],"6":[48,16],"7":[48,0],"8":[48,48]}}
,"/home/small/WebstormProjects/search-engine-scraper/src/parsers/duckduckgo.ts": {"path":"/home/small/WebstormProjects/search-engine-scraper/src/parsers/duckduckgo.ts","statementMap":{"0":{"start":{"line":1,"column":0},"end":{"line":1,"column":35}},"1":{"start":{"line":7,"column":11},"end":{"line":7,"column":49}},"2":{"start":{"line":10,"column":21},"end":{"line":10,"column":22}},"3":{"start":{"line":12,"column":17},"end":{"line":12,"column":62}},"4":{"start":{"line":13,"column":4},"end":{"line":13,"column":77}},"5":{"start":{"line":13,"column":59},"end":{"line":13,"column":77}},"6":{"start":{"line":15,"column":22},"end":{"line":15,"column":61}},"7":{"start":{"line":16,"column":4},"end":{"line":16,"column":77}},"8":{"start":{"line":16,"column":59},"end":{"line":16,"column":77}},"9":{"start":{"line":18,"column":4},"end":{"line":18,"column":50}},"10":{"start":{"line":18,"column":32},"end":{"line":18,"column":50}},"11":{"start":{"line":19,"column":4},"end":{"line":19,"column":73}},"12":{"start":{"line":19,"column":55},"end":{"line":19,"column":73}},"13":{"start":{"line":21,"column":4},"end":{"line":21,"column":35}},"14":{"start":{"line":25,"column":14},"end":{"line":25,"column":48}},"15":{"start":{"line":26,"column":4},"end":{"line":26,"column":20}},"16":{"start":{"line":26,"column":11},"end":{"line":26,"column":20}},"17":{"start":{"line":28,"column":22},"end":{"line":28,"column":61}},"18":{"start":{"line":29,"column":4},"end":{"line":37,"column":5}},"19":{"start":{"line":30,"column":6},"end":{"line":36,"column":7}},"20":{"start":{"line":31,"column":20},"end":{"line":31,"column":38}},"21":{"start":{"line":32,"column":22},"end":{"line":32,"column":47}},"22":{"start":{"line":33,"column":8},"end":{"line":33,"column":32}},"23":{"start":{"line":33,"column":19},"end":{"line":33,"column":32}},"24":{"start":{"line":39,"column":4},"end":{"line":39,"column":16}},"25":{"start":{"line":43,"column":14},"end":{"line":43,"column":32}},"26":{"start":{"line":44,"column":23},"end":{"line":44,"column":39}},"27":{"start":{"line":45,"column":18},"end":{"line":45,"column":38}},"28":{"start":{"line":46,"column":36},"end":{"line":46,"column":38}},"29":{"start":{"line":47,"column":19},"end":{"line":47,"column":20}},"30":{"start":{"line":49,"column":4},"end":{"line":67,"column":7}},"31":{"start":{"line":50,"column":18},"end":{"line":50,"column":23}},"32":{"start":{"line":51,"column":21},"end":{"line":51,"column":47}},"33":{"start":{"line":52,"column":20},"end":{"line":52,"column":40}},"34":{"start":{"line":53,"column":18},"end":{"line":53,"column":43}},"35":{"start":{"line":55,"column":8},"end":{"line":55,"column":76}},"36":{"start":{"line":57,"column":6},"end":{"line":66,"column":7}},"37":{"start":{"line":58,"column":8},"end":{"line":65,"column":11}},"38":{"start":{"line":69,"column":4},"end":{"line":77,"column":6}},"39":{"start":{"line":6,"column":0},"end":{"line":6,"column":13}}},"fnMap":{"0":{"name":"(anonymous_9)","decl":{"start":{"line":6,"column":0},"end":{"line":6,"column":13}},"loc":{"start":{"line":6,"column":0},"end":{"line":79,"column":1}}},"1":{"name":"(anonymous_10)","decl":{"start":{"line":9,"column":2},"end":{"line":9,"column":10}},"loc":{"start":{"line":9,"column":24},"end":{"line":22,"column":3}}},"2":{"name":"(anonymous_11)","decl":{"start":{"line":24,"column":2},"end":{"line":24,"column":14}},"loc":{"start":{"line":24,"column":28},"end":{"line":40,"column":3}}},"3":{"name":"(anonymous_12)","decl":{"start":{"line":42,"column":2},"end":{"line":42,"column":7}},"loc":{"start":{"line":42,"column":20},"end":{"line":78,"column":3}}},"4":{"name":"(anonymous_13)","decl":{"start":{"line":49,"column":44},"end":{"line":49,"column":45}},"loc":{"start":{"line":49,"column":54},"end":{"line":67,"column":5}}}},"branchMap":{"0":{"loc":{"start":{"line":13,"column":4},"end":{"line":13,"column":77}},"type":"if","locations":[{"start":{"line":13,"column":4},"end":{"line":13,"column":77}},{"start":{},"end":{}}]},"1":{"loc":{"start":{"line":13,"column":8},"end":{"line":13,"column":57}},"type":"binary-expr","locations":[{"start":{"line":13,"column":8},"end":{"line":13,"column":12}},{"start":{"line":13,"column":16},"end":{"line":13,"column":57}}]},"2":{"loc":{"start":{"line":16,"column":4},"end":{"line":16,"column":77}},"type":"if","locations":[{"start":{"line":16,"column":4},"end":{"line":16,"column":77}},{"start":{},"end":{}}]},"3":{"loc":{"start":{"line":16,"column":8},"end":{"line":16,"column":57}},"type":"binary-expr","locations":[{"start":{"line":16,"column":8},"end":{"line":16,"column":17}},{"start":{"line":16,"column":21},"end":{"line":16,"column":57}}]},"4":{"loc":{"start":{"line":18,"column":4},"end":{"line":18,"column":50}},"type":"if","locations":[{"start":{"line":18,"column":4},"end":{"line":18,"column":50}},{"start":{},"end":{}}]},"5":{"loc":{"start":{"line":19,"column":4},"end":{"line":19,"column":73}},"type":"if","locations":[{"start":{"line":19,"column":4},"end":{"line":19,"column":73}},{"start":{},"end":{}}]},"6":{"loc":{"start":{"line":26,"column":4},"end":{"line":26,"column":20}},"type":"if","locations":[{"start":{"line":26,"column":4},"end":{"line":26,"column":20}},{"start":{},"end":{}}]},"7":{"loc":{"start":{"line":29,"column":4},"end":{"line":37,"column":5}},"type":"if","locations":[{"start":{"line":29,"column":4},"end":{"line":37,"column":5}},{"start":{},"end":{}}]},"8":{"loc":{"start":{"line":33,"column":8},"end":{"line":33,"column":32}},"type":"if","locations":[{"start":{"line":33,"column":8},"end":{"line":33,"column":32}},{"start":{},"end":{}}]},"9":{"loc":{"start":{"line":53,"column":18},"end":{"line":53,"column":43}},"type":"binary-expr","locations":[{"start":{"line":53,"column":18},"end":{"line":53,"column":37}},{"start":{"line":53,"column":41},"end":{"line":53,"column":43}}]},"10":{"loc":{"start":{"line":55,"column":8},"end":{"line":55,"column":76}},"type":"binary-expr","locations":[{"start":{"line":55,"column":8},"end":{"line":55,"column":68}},{"start":{"line":55,"column":72},"end":{"line":55,"column":76}}]},"11":{"loc":{"start":{"line":57,"column":6},"end":{"line":66,"column":7}},"type":"if","locations":[{"start":{"line":57,"column":6},"end":{"line":66,"column":7}},{"start":{},"end":{}}]},"12":{"loc":{"start":{"line":57,"column":10},"end":{"line":57,"column":22}},"type":"binary-expr","locations":[{"start":{"line":57,"column":10},"end":{"line":57,"column":15}},{"start":{"line":57,"column":19},"end":{"line":57,"column":22}}]}},"s":{"0":6,"1":24,"2":58,"3":58,"4":58,"5":14,"6":58,"7":58,"8":14,"9":58,"10":14,"11":58,"12":14,"13":58,"14":12,"15":12,"16":9,"17":3,"18":3,"19":2,"20":2,"21":1,"22":1,"23":1,"24":2,"25":8,"26":8,"27":8,"28":8,"29":8,"30":8,"31":28,"32":28,"33":28,"34":28,"35":28,"36":28,"37":28,"38":8,"39":6},"f":{"0":24,"1":58,"2":12,"3":8,"4":28},"b":{"0":[14,44],"1":[58,14],"2":[14,44],"3":[58,14],"4":[14,44],"5":[14,44],"6":[9,3],"7":[2,1],"8":[1,0],"9":[28,0],"10":[28,0],"11":[28,0],"12":[28,28]}}
,"/home/small/WebstormProjects/search-engine-scraper/src/parsers/google.ts": {"path":"/home/small/WebstormProjects/search-engine-scraper/src/parsers/google.ts","statementMap":{"0":{"start":{"line":1,"column":0},"end":{"line":1,"column":35}},"1":{"start":{"line":8,"column":11},"end":{"line":8,"column":45}},"2":{"start":{"line":11,"column":21},"end":{"line":11,"column":22}},"3":{"start":{"line":14,"column":23},"end":{"line":14,"column":73}},"4":{"start":{"line":15,"column":4},"end":{"line":15,"column":51}},"5":{"start":{"line":15,"column":33},"end":{"line":15,"column":51}},"6":{"start":{"line":18,"column":4},"end":{"line":18,"column":90}},"7":{"start":{"line":18,"column":72},"end":{"line":18,"column":90}},"8":{"start":{"line":21,"column":18},"end":{"line":21,"column":35}},"9":{"start":{"line":22,"column":4},"end":{"line":22,"column":58}},"10":{"start":{"line":22,"column":40},"end":{"line":22,"column":58}},"11":{"start":{"line":25,"column":4},"end":{"line":25,"column":79}},"12":{"start":{"line":25,"column":61},"end":{"line":25,"column":79}},"13":{"start":{"line":28,"column":4},"end":{"line":28,"column":51}},"14":{"start":{"line":28,"column":33},"end":{"line":28,"column":51}},"15":{"start":{"line":29,"column":4},"end":{"line":29,"column":79}},"16":{"start":{"line":29,"column":61},"end":{"line":29,"column":79}},"17":{"start":{"line":31,"column":4},"end":{"line":31,"column":35}},"18":{"start":{"line":36,"column":14},"end":{"line":36,"column":48}},"19":{"start":{"line":37,"column":4},"end":{"line":37,"column":20}},"20":{"start":{"line":37,"column":11},"end":{"line":37,"column":20}},"21":{"start":{"line":40,"column":18},"end":{"line":40,"column":35}},"22":{"start":{"line":41,"column":18},"end":{"line":41,"column":55}},"23":{"start":{"line":42,"column":4},"end":{"line":42,"column":38}},"24":{"start":{"line":42,"column":15},"end":{"line":42,"column":38}},"25":{"start":{"line":44,"column":4},"end":{"line":44,"column":16}},"26":{"start":{"line":48,"column":14},"end":{"line":48,"column":32}},"27":{"start":{"line":49,"column":23},"end":{"line":49,"column":39}},"28":{"start":{"line":50,"column":18},"end":{"line":50,"column":38}},"29":{"start":{"line":51,"column":36},"end":{"line":51,"column":38}},"30":{"start":{"line":52,"column":19},"end":{"line":52,"column":20}},"31":{"start":{"line":55,"column":18},"end":{"line":55,"column":35}},"32":{"start":{"line":56,"column":4},"end":{"line":69,"column":5}},"33":{"start":{"line":60,"column":6},"end":{"line":68,"column":8}},"34":{"start":{"line":72,"column":4},"end":{"line":72,"column":45}},"35":{"start":{"line":75,"column":26},"end":{"line":75,"column":41}},"36":{"start":{"line":76,"column":4},"end":{"line":93,"column":5}},"37":{"start":{"line":77,"column":6},"end":{"line":83,"column":9}},"38":{"start":{"line":78,"column":23},"end":{"line":78,"column":52}},"39":{"start":{"line":79,"column":8},"end":{"line":82,"column":9}},"40":{"start":{"line":80,"column":10},"end":{"line":80,"column":39}},"41":{"start":{"line":81,"column":10},"end":{"line":81,"column":31}},"42":{"start":{"line":86,"column":6},"end":{"line":92,"column":9}},"43":{"start":{"line":87,"column":23},"end":{"line":87,"column":52}},"44":{"start":{"line":88,"column":8},"end":{"line":91,"column":9}},"45":{"start":{"line":89,"column":10},"end":{"line":89,"column":39}},"46":{"start":{"line":90,"column":10},"end":{"line":90,"column":31}},"47":{"start":{"line":95,"column":4},"end":{"line":103,"column":6}},"48":{"start":{"line":107,"column":4},"end":{"line":123,"column":7}},"49":{"start":{"line":108,"column":26},"end":{"line":108,"column":65}},"50":{"start":{"line":109,"column":19},"end":{"line":109,"column":34}},"51":{"start":{"line":110,"column":18},"end":{"line":110,"column":41}},"52":{"start":{"line":111,"column":20},"end":{"line":111,"column":71}},"53":{"start":{"line":113,"column":6},"end":{"line":122,"column":7}},"54":{"start":{"line":114,"column":8},"end":{"line":121,"column":11}},"55":{"start":{"line":127,"column":16},"end":{"line":127,"column":21}},"56":{"start":{"line":130,"column":20},"end":{"line":130,"column":49}},"57":{"start":{"line":131,"column":18},"end":{"line":133,"column":55}},"58":{"start":{"line":135,"column":4},"end":{"line":135,"column":28}},"59":{"start":{"line":135,"column":16},"end":{"line":135,"column":28}},"60":{"start":{"line":138,"column":19},"end":{"line":138,"column":51}},"61":{"start":{"line":139,"column":16},"end":{"line":139,"column":41}},"62":{"start":{"line":140,"column":4},"end":{"line":140,"column":26}},"63":{"start":{"line":140,"column":14},"end":{"line":140,"column":26}},"64":{"start":{"line":143,"column":37},"end":{"line":143,"column":41}},"65":{"start":{"line":144,"column":26},"end":{"line":152,"column":6}},"66":{"start":{"line":154,"column":4},"end":{"line":160,"column":5}},"67":{"start":{"line":155,"column":21},"end":{"line":155,"column":42}},"68":{"start":{"line":156,"column":6},"end":{"line":159,"column":7}},"69":{"start":{"line":157,"column":8},"end":{"line":157,"column":51}},"70":{"start":{"line":158,"column":8},"end":{"line":158,"column":31}},"71":{"start":{"line":158,"column":25},"end":{"line":158,"column":31}},"72":{"start":{"line":162,"column":4},"end":{"line":169,"column":6}},"73":{"start":{"line":173,"column":16},"end":{"line":173,"column":21}},"74":{"start":{"line":174,"column":18},"end":{"line":174,"column":59}},"75":{"start":{"line":175,"column":16},"end":{"line":175,"column":59}},"76":{"start":{"line":176,"column":24},"end":{"line":176,"column":68}},"77":{"start":{"line":178,"column":4},"end":{"line":178,"column":36}},"78":{"start":{"line":178,"column":24},"end":{"line":178,"column":36}},"79":{"start":{"line":180,"column":4},"end":{"line":187,"column":6}},"80":{"start":{"line":7,"column":0},"end":{"line":7,"column":13}}},"fnMap":{"0":{"name":"(anonymous_9)","decl":{"start":{"line":7,"column":0},"end":{"line":7,"column":13}},"loc":{"start":{"line":7,"column":0},"end":{"line":189,"column":1}}},"1":{"name":"(anonymous_10)","decl":{"start":{"line":10,"column":2},"end":{"line":10,"column":10}},"loc":{"start":{"line":10,"column":24},"end":{"line":32,"column":3}}},"2":{"name":"(anonymous_11)","decl":{"start":{"line":34,"column":2},"end":{"line":34,"column":14}},"loc":{"start":{"line":34,"column":28},"end":{"line":45,"column":3}}},"3":{"name":"(anonymous_12)","decl":{"start":{"line":47,"column":2},"end":{"line":47,"column":7}},"loc":{"start":{"line":47,"column":20},"end":{"line":104,"column":3}}},"4":{"name":"(anonymous_13)","decl":{"start":{"line":77,"column":25},"end":{"line":77,"column":26}},"loc":{"start":{"line":77,"column":35},"end":{"line":83,"column":7}}},"5":{"name":"(anonymous_14)","decl":{"start":{"line":86,"column":22},"end":{"line":86,"column":23}},"loc":{"start":{"line":86,"column":32},"end":{"line":92,"column":7}}},"6":{"name":"(anonymous_15)","decl":{"start":{"line":106,"column":10},"end":{"line":106,"column":33}},"loc":{"start":{"line":106,"column":72},"end":{"line":124,"column":3}}},"7":{"name":"(anonymous_16)","decl":{"start":{"line":107,"column":26},"end":{"line":107,"column":27}},"loc":{"start":{"line":107,"column":36},"end":{"line":123,"column":5}}},"8":{"name":"(anonymous_17)","decl":{"start":{"line":126,"column":10},"end":{"line":126,"column":27}},"loc":{"start":{"line":126,"column":54},"end":{"line":170,"column":3}}},"9":{"name":"(anonymous_18)","decl":{"start":{"line":172,"column":10},"end":{"line":172,"column":27}},"loc":{"start":{"line":172,"column":54},"end":{"line":188,"column":3}}}},"branchMap":{"0":{"loc":{"start":{"line":15,"column":4},"end":{"line":15,"column":51}},"type":"if","locations":[{"start":{"line":15,"column":4},"end":{"line":15,"column":51}},{"start":{},"end":{}}]},"1":{"loc":{"start":{"line":18,"column":4},"end":{"line":18,"column":90}},"type":"if","locations":[{"start":{"line":18,"column":4},"end":{"line":18,"column":90}},{"start":{},"end":{}}]},"2":{"loc":{"start":{"line":22,"column":4},"end":{"line":22,"column":58}},"type":"if","locations":[{"start":{"line":22,"column":4},"end":{"line":22,"column":58}},{"start":{},"end":{}}]},"3":{"loc":{"start":{"line":25,"column":4},"end":{"line":25,"column":79}},"type":"if","locations":[{"start":{"line":25,"column":4},"end":{"line":25,"column":79}},{"start":{},"end":{}}]},"4":{"loc":{"start":{"line":28,"column":4},"end":{"line":28,"column":51}},"type":"if","locations":[{"start":{"line":28,"column":4},"end":{"line":28,"column":51}},{"start":{},"end":{}}]},"5":{"loc":{"start":{"line":29,"column":4},"end":{"line":29,"column":79}},"type":"if","locations":[{"start":{"line":29,"column":4},"end":{"line":29,"column":79}},{"start":{},"end":{}}]},"6":{"loc":{"start":{"line":29,"column":8},"end":{"line":29,"column":59}},"type":"binary-expr","locations":[{"start":{"line":29,"column":8},"end":{"line":29,"column":29}},{"start":{"line":29,"column":33},"end":{"line":29,"column":59}}]},"7":{"loc":{"start":{"line":37,"column":4},"end":{"line":37,"column":20}},"type":"if","locations":[{"start":{"line":37,"column":4},"end":{"line":37,"column":20}},{"start":{},"end":{}}]},"8":{"loc":{"start":{"line":42,"column":4},"end":{"line":42,"column":38}},"type":"if","locations":[{"start":{"line":42,"column":4},"end":{"line":42,"column":38}},{"start":{},"end":{}}]},"9":{"loc":{"start":{"line":56,"column":4},"end":{"line":69,"column":5}},"type":"if","locations":[{"start":{"line":56,"column":4},"end":{"line":69,"column":5}},{"start":{},"end":{}}]},"10":{"loc":{"start":{"line":57,"column":6},"end":{"line":58,"column":41}},"type":"binary-expr","locations":[{"start":{"line":57,"column":6},"end":{"line":57,"column":42}},{"start":{"line":58,"column":6},"end":{"line":58,"column":41}}]},"11":{"loc":{"start":{"line":76,"column":4},"end":{"line":93,"column":5}},"type":"if","locations":[{"start":{"line":76,"column":4},"end":{"line":93,"column":5}},{"start":{"line":84,"column":11},"end":{"line":93,"column":5}}]},"12":{"loc":{"start":{"line":79,"column":8},"end":{"line":82,"column":9}},"type":"if","locations":[{"start":{"line":79,"column":8},"end":{"line":82,"column":9}},{"start":{},"end":{}}]},"13":{"loc":{"start":{"line":88,"column":8},"end":{"line":91,"column":9}},"type":"if","locations":[{"start":{"line":88,"column":8},"end":{"line":91,"column":9}},{"start":{},"end":{}}]},"14":{"loc":{"start":{"line":110,"column":18},"end":{"line":110,"column":41}},"type":"binary-expr","locations":[{"start":{"line":110,"column":18},"end":{"line":110,"column":35}},{"start":{"line":110,"column":39},"end":{"line":110,"column":41}}]},"15":{"loc":{"start":{"line":111,"column":20},"end":{"line":111,"column":71}},"type":"binary-expr","locations":[{"start":{"line":111,"column":20},"end":{"line":111,"column":49}},{"start":{"line":111,"column":53},"end":{"line":111,"column":71}}]},"16":{"loc":{"start":{"line":113,"column":6},"end":{"line":122,"column":7}},"type":"if","locations":[{"start":{"line":113,"column":6},"end":{"line":122,"column":7}},{"start":{},"end":{}}]},"17":{"loc":{"start":{"line":113,"column":10},"end":{"line":113,"column":30}},"type":"binary-expr","locations":[{"start":{"line":113,"column":10},"end":{"line":113,"column":21}},{"start":{"line":113,"column":25},"end":{"line":113,"column":30}}]},"18":{"loc":{"start":{"line":131,"column":18},"end":{"line":133,"column":55}},"type":"cond-expr","locations":[{"start":{"line":132,"column":8},"end":{"line":132,"column":29}},{"start":{"line":133,"column":8},"end":{"line":133,"column":55}}]},"19":{"loc":{"start":{"line":135,"column":4},"end":{"line":135,"column":28}},"type":"if","locations":[{"start":{"line":135,"column":4},"end":{"line":135,"column":28}},{"start":{},"end":{}}]},"20":{"loc":{"start":{"line":139,"column":16},"end":{"line":139,"column":41}},"type":"binary-expr","locations":[{"start":{"line":139,"column":16},"end":{"line":139,"column":35}},{"start":{"line":139,"column":39},"end":{"line":139,"column":41}}]},"21":{"loc":{"start":{"line":140,"column":4},"end":{"line":140,"column":26}},"type":"if","locations":[{"start":{"line":140,"column":4},"end":{"line":140,"column":26}},{"start":{},"end":{}}]},"22":{"loc":{"start":{"line":156,"column":6},"end":{"line":159,"column":7}},"type":"if","locations":[{"start":{"line":156,"column":6},"end":{"line":159,"column":7}},{"start":{},"end":{}}]},"23":{"loc":{"start":{"line":157,"column":22},"end":{"line":157,"column":50}},"type":"binary-expr","locations":[{"start":{"line":157,"column":22},"end":{"line":157,"column":42}},{"start":{"line":157,"column":46},"end":{"line":157,"column":50}}]},"24":{"loc":{"start":{"line":158,"column":8},"end":{"line":158,"column":31}},"type":"if","locations":[{"start":{"line":158,"column":8},"end":{"line":158,"column":31}},{"start":{},"end":{}}]},"25":{"loc":{"start":{"line":175,"column":16},"end":{"line":175,"column":59}},"type":"binary-expr","locations":[{"start":{"line":175,"column":16},"end":{"line":175,"column":53}},{"start":{"line":175,"column":57},"end":{"line":175,"column":59}}]},"26":{"loc":{"start":{"line":176,"column":24},"end":{"line":176,"column":68}},"type":"binary-expr","locations":[{"start":{"line":176,"column":24},"end":{"line":176,"column":60}},{"start":{"line":176,"column":64},"end":{"line":176,"column":68}}]},"27":{"loc":{"start":{"line":178,"column":4},"end":{"line":178,"column":36}},"type":"if","locations":[{"start":{"line":178,"column":4},"end":{"line":178,"column":36}},{"start":{},"end":{}}]},"28":{"loc":{"start":{"line":178,"column":8},"end":{"line":178,"column":22}},"type":"binary-expr","locations":[{"start":{"line":178,"column":8},"end":{"line":178,"column":14}},{"start":{"line":178,"column":18},"end":{"line":178,"column":22}}]}},"s":{"0":6,"1":25,"2":103,"3":103,"4":103,"5":28,"6":103,"7":45,"8":103,"9":103,"10":80,"11":103,"12":4,"13":103,"14":73,"15":103,"16":74,"17":103,"18":56,"19":56,"20":36,"21":20,"22":20,"23":20,"24":11,"25":9,"26":53,"27":53,"28":53,"29":53,"30":53,"31":53,"32":53,"33":3,"34":50,"35":50,"36":50,"37":25,"38":575,"39":575,"40":180,"41":180,"42":25,"43":41,"44":41,"45":40,"46":40,"47":50,"48":50,"49":9,"50":9,"51":9,"52":9,"53":9,"54":4,"55":575,"56":575,"57":575,"58":575,"59":370,"60":205,"61":205,"62":205,"63":25,"64":180,"65":180,"66":180,"67":195,"68":195,"69":180,"70":180,"71":180,"72":180,"73":41,"74":41,"75":41,"76":41,"77":41,"78":1,"79":40,"80":6},"f":{"0":25,"1":103,"2":56,"3":53,"4":575,"5":41,"6":50,"7":9,"8":575,"9":41},"b":{"0":[28,75],"1":[45,58],"2":[80,23],"3":[4,99],"4":[73,30],"5":[74,29],"6":[103,74],"7":[36,20],"8":[11,9],"9":[3,50],"10":[53,53],"11":[25,25],"12":[180,395],"13":[40,1],"14":[9,0],"15":[9,9],"16":[4,5],"17":[9,4],"18":[205,370],"19":[370,205],"20":[205,25],"21":[25,180],"22":[180,15],"23":[180,0],"24":[180,0],"25":[41,1],"26":[41,1],"27":[1,40],"28":[41,40]}}
}
